<?xml version="1.0" encoding="UTF-8"?>
<!-- Generated by org.testng.reporters.JUnitReportReporter -->
<testsuite hostname="DESKTOP-IOGHRVB" failures="0" tests="1" name="tests.IkeaTest" time="95.601" errors="0" timestamp="2025-06-18T11:41:26 WIB" skipped="0">
  <testcase classname="tests.IkeaTest" name="testSearchAndAddToCart" time="95.601"/>
</testsuite> <!-- tests.IkeaTest -->
