<?xml version="1.0" encoding="UTF-8"?>
<!-- Generated by org.testng.reporters.JUnitReportReporter -->
<testsuite hostname="DESKTOP-IOGHRVB" failures="0" tests="1" name="tests.IkeaTest" time="80.842" errors="0" timestamp="2025-06-14T19:54:46 WIB" skipped="0">
  <testcase classname="tests.IkeaTest" name="testSearchAndAddToCart" time="80.842"/>
</testsuite> <!-- tests.IkeaTest -->
