<?xml version="1.0" encoding="UTF-8"?>
<!-- Generated by org.testng.reporters.JUnitReportReporter -->
<testsuite hostname="DESKTOP-IOGHRVB" failures="0" tests="1" name="runners.TestRunner" time="84.184" errors="0" timestamp="2025-06-18T21:15:43 WIB" skipped="0">
  <testcase classname="runners.TestRunner" name="runScenario" time="84.184"/>
</testsuite> <!-- runners.TestRunner -->
