<?xml version="1.0" encoding="UTF-8"?>
<!-- Generated by org.testng.reporters.JUnitReportReporter -->
<testsuite hostname="DESKTOP-IOGHRVB" failures="0" tests="1" name="runners.TestRunner" time="87.104" errors="0" timestamp="2025-06-18T20:51:25 WIB" skipped="0">
  <testcase classname="runners.TestRunner" name="runScenario" time="87.104"/>
</testsuite> <!-- runners.TestRunner -->
